ParseStarterProject/build/outputs/logs/manifest-merger-debug-report.txt
-- Merging decision tree log ---
manifest
ADDED from src/main/AndroidManifest.xml:10:1-62:12
	xmlns:android
		ADDED from src/main/AndroidManifest.xml:10:11-69
	package
		ADDED from src/main/AndroidManifest.xml:11:5-32
		INJECTED from src/main/AndroidManifest.xml
		INJECTED from src/main/AndroidManifest.xml
	android:versionName
		INJECTED from src/main/AndroidManifest.xml
		INJECTED from src/main/AndroidManifest.xml
	android:versionCode
		INJECTED from src/main/AndroidManifest.xml
		INJECTED from src/main/AndroidManifest.xml
uses-permission#android.permission.INTERNET
ADDED from src/main/AndroidManifest.xml:13:5-67
MERGED from [com.instabug.library:instabugcore:1.7] AndroidManifest.xml:13:5-67
	android:name
		ADDED from src/main/AndroidManifest.xml:13:22-64
uses-permission#android.permission.ACCESS_NETWORK_STATE
ADDED from src/main/AndroidManifest.xml:14:5-79
MERGED from [com.instabug.library:instabugcore:1.7] AndroidManifest.xml:9:5-79
	android:name
		ADDED from src/main/AndroidManifest.xml:14:22-76
application
ADDED from src/main/AndroidManifest.xml:16:5-60:19
MERGED from [com.android.support:appcompat-v7:22.2.1] AndroidManifest.xml:22:5-20
MERGED from [com.android.support:support-v4:23.0.1] AndroidManifest.xml:22:5-20
MERGED from [com.instabug.library:instabugsupport:1.7] AndroidManifest.xml:9:5-10:19
MERGED from [com.android.support:appcompat-v7:22.2.1] AndroidManifest.xml:22:5-20
MERGED from [com.android.support:support-v4:23.0.1] AndroidManifest.xml:22:5-20
MERGED from [com.instabug.library:instabugcore:1.7] AndroidManifest.xml:15:5-27:19
MERGED from [com.android.support:support-v4:23.0.1] AndroidManifest.xml:22:5-20
MERGED from [com.android.support:design:22.2.1] AndroidManifest.xml:22:5-20
MERGED from [com.android.support:appcompat-v7:22.2.1] AndroidManifest.xml:22:5-20
MERGED from [com.android.support:support-v4:23.0.1] AndroidManifest.xml:22:5-20
MERGED from [com.android.support:support-v4:23.0.1] AndroidManifest.xml:22:5-20
	android:label
		ADDED from src/main/AndroidManifest.xml:20:9-41
	android:allowBackup
		ADDED from src/main/AndroidManifest.xml:18:9-35
	android:icon
		ADDED from src/main/AndroidManifest.xml:19:9-43
	android:theme
		ADDED from src/main/AndroidManifest.xml:21:9-40
	android:name
		ADDED from src/main/AndroidManifest.xml:17:9-43
meta-data#com.parse.APPLICATION_ID
ADDED from src/main/AndroidManifest.xml:22:9-24:52
	android:name
		ADDED from src/main/AndroidManifest.xml:23:13-52
	android:value
		ADDED from src/main/AndroidManifest.xml:24:13-49
meta-data#com.parse.CLIENT_KEY
ADDED from src/main/AndroidManifest.xml:25:9-27:56
	android:name
		ADDED from src/main/AndroidManifest.xml:26:13-48
	android:value
		ADDED from src/main/AndroidManifest.xml:27:13-53
activity#com.parse.starter.MainActivity
ADDED from src/main/AndroidManifest.xml:29:9-35:20
	android:label
		ADDED from src/main/AndroidManifest.xml:31:13-45
	android:name
		ADDED from src/main/AndroidManifest.xml:30:13-41
intent-filter#android.intent.action.MAIN
ADDED from src/main/AndroidManifest.xml:32:13-34:29
action#android.intent.action.MAIN
ADDED from src/main/AndroidManifest.xml:33:17-69
	android:name
		ADDED from src/main/AndroidManifest.xml:33:25-66
activity#com.parse.starter.SignInActivity
ADDED from src/main/AndroidManifest.xml:36:9-45:20
	android:label
		ADDED from src/main/AndroidManifest.xml:38:13-59
	android:theme
		ADDED from src/main/AndroidManifest.xml:39:13-56
	android:name
		ADDED from src/main/AndroidManifest.xml:37:13-43
intent-filter#android.intent.action.MAIN+android.intent.category.LAUNCHER
ADDED from src/main/AndroidManifest.xml:40:13-44:29
category#android.intent.category.LAUNCHER
ADDED from src/main/AndroidManifest.xml:43:17-77
	android:name
		ADDED from src/main/AndroidManifest.xml:43:27-74
activity#com.parse.starter.RegisterActivity
ADDED from src/main/AndroidManifest.xml:46:9-54:20
	android:label
		ADDED from src/main/AndroidManifest.xml:48:13-60
	android:theme
		ADDED from src/main/AndroidManifest.xml:50:13-56
	android:parentActivityName
		ADDED from src/main/AndroidManifest.xml:49:13-57
	android:name
		ADDED from src/main/AndroidManifest.xml:47:13-45
meta-data#android.support.PARENT_ACTIVITY
ADDED from src/main/AndroidManifest.xml:51:13-53:68
	android:name
		ADDED from src/main/AndroidManifest.xml:52:17-63
	android:value
		ADDED from src/main/AndroidManifest.xml:53:17-65
activity#com.parse.starter.CreateProfileActivity
ADDED from src/main/AndroidManifest.xml:55:9-59:20
	android:label
		ADDED from src/main/AndroidManifest.xml:57:13-66
	android:theme
		ADDED from src/main/AndroidManifest.xml:58:13-56
	android:name
		ADDED from src/main/AndroidManifest.xml:56:13-50
uses-sdk
INJECTED from src/main/AndroidManifest.xml reason: use-sdk injection requested
MERGED from [com.android.support:appcompat-v7:22.2.1] AndroidManifest.xml:20:5-43
MERGED from [com.android.support:support-v4:23.0.1] AndroidManifest.xml:20:5-43
MERGED from [com.instabug.library:instabugsupport:1.7] AndroidManifest.xml:5:5-7:41
MERGED from [com.android.support:appcompat-v7:22.2.1] AndroidManifest.xml:20:5-43
MERGED from [com.android.support:support-v4:23.0.1] AndroidManifest.xml:20:5-43
MERGED from [com.instabug.library:instabugcore:1.7] AndroidManifest.xml:5:5-7:41
MERGED from [com.android.support:support-v4:23.0.1] AndroidManifest.xml:20:5-43
MERGED from [com.android.support:design:22.2.1] AndroidManifest.xml:20:5-43
MERGED from [com.android.support:appcompat-v7:22.2.1] AndroidManifest.xml:20:5-43
MERGED from [com.android.support:support-v4:23.0.1] AndroidManifest.xml:20:5-43
MERGED from [com.android.support:support-v4:23.0.1] AndroidManifest.xml:20:5-43
	android:targetSdkVersion
		INJECTED from src/main/AndroidManifest.xml
		INJECTED from src/main/AndroidManifest.xml
	android:minSdkVersion
		INJECTED from src/main/AndroidManifest.xml
		INJECTED from src/main/AndroidManifest.xml
uses-permission#android.permission.WRITE_EXTERNAL_STORAGE
ADDED from [com.instabug.library:instabugcore:1.7] AndroidManifest.xml:10:5-81
	android:name
		ADDED from [com.instabug.library:instabugcore:1.7] AndroidManifest.xml:10:22-78
uses-permission#android.permission.READ_EXTERNAL_STORAGE
ADDED from [com.instabug.library:instabugcore:1.7] AndroidManifest.xml:11:5-80
	android:name
		ADDED from [com.instabug.library:instabugcore:1.7] AndroidManifest.xml:11:22-77
uses-permission#android.permission.ACCESS_WIFI_STATE
ADDED from [com.instabug.library:instabugcore:1.7] AndroidManifest.xml:12:5-76
	android:name
		ADDED from [com.instabug.library:instabugcore:1.7] AndroidManifest.xml:12:22-73
activity#com.instabug.library.InstabugFeedbackActivity
ADDED from [com.instabug.library:instabugcore:1.7] AndroidManifest.xml:16:9-18:55
	android:windowSoftInputMode
		ADDED from [com.instabug.library:instabugcore:1.7] AndroidManifest.xml:18:13-52
	android:name
		ADDED from [com.instabug.library:instabugcore:1.7] AndroidManifest.xml:17:13-73
service#com.instabug.library.network.UploadCacheService
ADDED from [com.instabug.library:instabugcore:1.7] AndroidManifest.xml:20:9-83
	android:name
		ADDED from [com.instabug.library:instabugcore:1.7] AndroidManifest.xml:20:18-80
receiver#com.instabug.library.network.InstabugNetworkReceiver
ADDED from [com.instabug.library:instabugcore:1.7] AndroidManifest.xml:22:9-26:20
	android:name
		ADDED from [com.instabug.library:instabugcore:1.7] AndroidManifest.xml:22:19-86
intent-filter#android.net.conn.CONNECTIVITY_CHANGE
ADDED from [com.instabug.library:instabugcore:1.7] AndroidManifest.xml:23:13-25:29
action#android.net.conn.CONNECTIVITY_CHANGE
ADDED from [com.instabug.library:instabugcore:1.7] AndroidManifest.xml:24:17-79
	android:name
		ADDED from [com.instabug.library:instabugcore:1.7] AndroidManifest.xml:24:25-76